<?xml version="1.0" encoding="UTF-8"?>
<!-- Generated by org.testng.reporters.JUnitReportReporter -->
<testsuite skipped="0" hostname="P3ALAP-FTR0YZ2" name="com.qa.tests.GetAPITest" tests="2" failures="0" timestamp="19 Apr 2021 05:31:56 GMT" time="4.342" errors="0">
  <testcase name="getAPITestWithoutHeaders" time="3.649" classname="com.qa.tests.GetAPITest"/>
  <testcase name="getAPITestWithHeaders" time="0.693" classname="com.qa.tests.GetAPITest"/>
</testsuite> <!-- com.qa.tests.GetAPITest -->
